{
  "stats": {
    "suites": 3,
    "tests": 3,
    "passes": 2,
    "pending": 0,
    "failures": 1,
    "start": "2021-02-16T10:59:39.317Z",
    "end": "2021-02-16T11:01:17.149Z",
    "duration": 97832,
    "testsRegistered": 3,
    "passPercent": 66.66666666666666,
    "pendingPercent": 0,
    "other": 0,
    "hasOther": false,
    "skipped": 0,
    "hasSkipped": false
  },
  "results": [
    {
      "uuid": "6b3f7fa7-a417-4418-94c0-9520aa8aaf72",
      "title": "",
      "fullFile": "cypress\\integration\\IO_Classroom\\Login.spec.js",
      "file": "cypress\\integration\\IO_Classroom\\Login.spec.js",
      "beforeHooks": [],
      "afterHooks": [],
      "tests": [],
      "suites": [
        {
          "uuid": "2b43c223-9c4c-436c-b16c-efa6dae4c557",
          "title": "School User",
          "fullFile": "",
          "file": "",
          "beforeHooks": [],
          "afterHooks": [],
          "tests": [
            {
              "title": "Login to school",
              "fullTitle": "School User Login to school",
              "timedOut": null,
              "duration": 52680,
              "state": "failed",
              "speed": null,
              "pass": false,
              "fail": true,
              "pending": false,
              "context": "[\n  \"D:\\\\Illumunate\\\\Illumunate\\\\IOClassroom\\\\cypress\\\\screenshots/IO_Classroom\\\\Login.spec.js/School User -- Login to school (failed).png\",\n  {\n    \"title\": \"Failed screenshot\",\n    \"value\": \"screenshots\\\\IO_Classroom\\\\Login.spec.js\\\\School User -- Login to school (failed).png\"\n  }\n]",
              "code": "log_in.login();\nlog_in.proceed_school();\ncy.title().should('eq', 'Dashboard_test');",
              "err": {
                "message": "AssertionError: Timed out retrying after 4000ms: expected 'Dashboard' to equal 'Dashboard_test'",
                "estack": "AssertionError: Timed out retrying after 4000ms: expected 'Dashboard' to equal 'Dashboard_test'\n    at Context.eval (https://www.skedula.com/__cypress/tests?p=cypress\\integration\\IO_Classroom\\Login.spec.js:123:16)",
                "diff": "- 'Dashboard'\n+ 'Dashboard_test'\n"
              },
              "uuid": "c9df7343-a77e-4067-a634-cdb2178f60a0",
              "parentUUID": "2b43c223-9c4c-436c-b16c-efa6dae4c557",
              "isHook": false,
              "skipped": false
            }
          ],
          "suites": [],
          "passes": [],
          "failures": [
            "c9df7343-a77e-4067-a634-cdb2178f60a0"
          ],
          "pending": [],
          "skipped": [],
          "duration": 52680,
          "root": false,
          "rootEmpty": false,
          "_timeout": 2000
        },
        {
          "uuid": "73849823-ec1f-465d-ada3-dd227529fccc",
          "title": "Admin User",
          "fullFile": "",
          "file": "",
          "beforeHooks": [],
          "afterHooks": [],
          "tests": [
            {
              "title": "Login to admin portal",
              "fullTitle": "Admin User Login to admin portal",
              "timedOut": null,
              "duration": 28637,
              "state": "passed",
              "speed": "slow",
              "pass": true,
              "fail": false,
              "pending": false,
              "context": null,
              "code": "log_in.login();\nlog_in.proceed_admin();\ncy.title().should('eq', 'School List');",
              "err": {},
              "uuid": "3e7e0d6e-79a8-4d93-af40-fa426fb21adc",
              "parentUUID": "73849823-ec1f-465d-ada3-dd227529fccc",
              "isHook": false,
              "skipped": false
            }
          ],
          "suites": [],
          "passes": [
            "3e7e0d6e-79a8-4d93-af40-fa426fb21adc"
          ],
          "failures": [],
          "pending": [],
          "skipped": [],
          "duration": 28637,
          "root": false,
          "rootEmpty": false,
          "_timeout": 2000
        },
        {
          "uuid": "458a8a1b-c918-48d1-9c31-75868118de60",
          "title": "Impersonate User",
          "fullFile": "",
          "file": "",
          "beforeHooks": [],
          "afterHooks": [],
          "tests": [
            {
              "title": "Login to impersonate",
              "fullTitle": "Impersonate User Login to impersonate",
              "timedOut": null,
              "duration": 7809,
              "state": "passed",
              "speed": "slow",
              "pass": true,
              "fail": false,
              "pending": false,
              "context": null,
              "code": "log_in.login();\nlog_in.proceed_impersonate();\ncy.title().should('eq', 'Troubleshoot');",
              "err": {},
              "uuid": "117aacd8-942b-4b50-8f0d-9a8a3754931f",
              "parentUUID": "458a8a1b-c918-48d1-9c31-75868118de60",
              "isHook": false,
              "skipped": false
            }
          ],
          "suites": [],
          "passes": [
            "117aacd8-942b-4b50-8f0d-9a8a3754931f"
          ],
          "failures": [],
          "pending": [],
          "skipped": [],
          "duration": 7809,
          "root": false,
          "rootEmpty": false,
          "_timeout": 2000
        }
      ],
      "passes": [],
      "failures": [],
      "pending": [],
      "skipped": [],
      "duration": 0,
      "root": true,
      "rootEmpty": true,
      "_timeout": 2000
    }
  ],
  "meta": {
    "mocha": {
      "version": "7.0.1"
    },
    "mochawesome": {
      "options": {
        "quiet": false,
        "reportFilename": "mochawesome",
        "saveHtml": true,
        "saveJson": true,
        "consoleReporter": "spec",
        "useInlineDiffs": false,
        "code": true
      },
      "version": "6.2.1"
    },
    "marge": {
      "options": {
        "reportDir": "cypress/results/json",
        "overwrite": true,
        "html": true,
        "json": true,
        "toConsole": true,
        "charts": true
      },
      "version": "5.1.0"
    }
  }
}